$ next dev --turbopack
   ▲ Next.js 15.5.3 (Turbopack)
   - Local:        http://localhost:3000
   - Network:      http://169.254.0.21:3000

 ✓ Starting...
Attention: Next.js now collects completely anonymous telemetry regarding usage.
This information is used to shape Next.js' roadmap and prioritize features.
You can learn more, including how to opt-out if you'd not like to participate in this anonymous program, by visiting the following URL:
https://nextjs.org/telemetry

 ✓ Ready in 4.5s
 ○ Compiling / ...
 ✓ Compiled / in 12.4s
 GET / 200 in 13934ms
 GET / 200 in 8449ms
 ⚠ Cross origin request detected from business-card-extractor.lindy.site to /_next/* resource. In a future major version of Next.js, you will need to explicitly configure "allowedDevOrigins" in next.config to allow this.
Read more: https://nextjs.org/docs/app/api-reference/config/next-config-js/allowedDevOrigins
 ○ Compiling /favicon.ico ...
 ✓ Compiled /favicon.ico in 1163ms
 GET /favicon.ico?favicon.bf3c9292.ico 200 in 1662ms
 GET / 200 in 406ms
 GET /favicon.ico?favicon.bf3c9292.ico 200 in 404ms
 ✓ Compiled in 352ms
   Reload env: .env.local
 ✓ Compiled / in 77ms
 GET / 200 in 606ms
 GET / 200 in 461ms
 GET /favicon.ico?favicon.bf3c9292.ico 200 in 656ms
 GET /favicon.ico?favicon.bf3c9292.ico 200 in 342ms
 GET / 200 in 191ms
 GET /favicon.ico?favicon.bf3c9292.ico 200 in 306ms
 GET / 200 in 202ms
 GET / 200 in 168ms
 GET /favicon.ico?favicon.bf3c9292.ico 200 in 268ms
